[17-Sep-2025 02:14:22 UTC] PHP Fatal error:  Uncaught mysqli_sql_exception: Incorrect date value: '' for column `urhg326v_dbarsip`.`files`.`tanggal_surat` at row 1 in /home/urhg326v/public_html/upload_file.php:79
Stack trace:
#0 /home/urhg326v/public_html/upload_file.php(79): mysqli_stmt->execute()
#1 {main}
  thrown in /home/urhg326v/public_html/upload_file.php on line 79
[17-Sep-2025 02:15:10 UTC] PHP Fatal error:  Uncaught mysqli_sql_exception: Incorrect date value: '' for column `urhg326v_dbarsip`.`files`.`tanggal_surat` at row 1 in /home/urhg326v/public_html/upload_file.php:79
Stack trace:
#0 /home/urhg326v/public_html/upload_file.php(79): mysqli_stmt->execute()
#1 {main}
  thrown in /home/urhg326v/public_html/upload_file.php on line 79
[17-Sep-2025 02:15:10 UTC] PHP Fatal error:  Uncaught mysqli_sql_exception: Incorrect date value: '' for column `urhg326v_dbarsip`.`files`.`tanggal_surat` at row 1 in /home/urhg326v/public_html/upload_file.php:79
Stack trace:
#0 /home/urhg326v/public_html/upload_file.php(79): mysqli_stmt->execute()
#1 {main}
  thrown in /home/urhg326v/public_html/upload_file.php on line 79
[17-Sep-2025 07:24:33 UTC] PHP Fatal error:  Uncaught mysqli_sql_exception: Incorrect date value: '' for column `urhg326v_dbarsip`.`files`.`tanggal_surat` at row 1 in /home/urhg326v/public_html/upload_file.php:79
Stack trace:
#0 /home/urhg326v/public_html/upload_file.php(79): mysqli_stmt->execute()
#1 {main}
  thrown in /home/urhg326v/public_html/upload_file.php on line 79
[17-Sep-2025 07:27:19 UTC] PHP Fatal error:  Uncaught mysqli_sql_exception: Incorrect date value: '' for column `urhg326v_dbarsip`.`files`.`tanggal_surat` at row 1 in /home/urhg326v/public_html/upload_file.php:79
Stack trace:
#0 /home/urhg326v/public_html/upload_file.php(79): mysqli_stmt->execute()
#1 {main}
  thrown in /home/urhg326v/public_html/upload_file.php on line 79
[18-Sep-2025 13:44:12 UTC] PHP Warning:  Undefined variable $base_url in /home/urhg326v/public_html/login.php on line 58
[18-Sep-2025 13:45:17 UTC] PHP Warning:  Undefined variable $base_url in /home/urhg326v/public_html/login.php on line 58
[18-Sep-2025 13:46:31 UTC] PHP Warning:  Undefined variable $base_url in /home/urhg326v/public_html/login.php on line 58
[18-Sep-2025 13:51:11 UTC] PHP Warning:  Undefined variable $base_url in /home/urhg326v/public_html/login.php on line 54
[18-Sep-2025 13:51:22 UTC] PHP Warning:  Undefined variable $base_url in /home/urhg326v/public_html/login.php on line 58
[18-Sep-2025 13:54:59 UTC] PHP Warning:  Undefined variable $base_url in /home/urhg326v/public_html/login.php on line 56
[18-Sep-2025 13:55:16 UTC] PHP Warning:  Undefined variable $base_url in /home/urhg326v/public_html/login.php on line 58
[18-Sep-2025 14:02:46 UTC] PHP Warning:  Undefined variable $base_url in /home/urhg326v/public_html/login.php on line 58
[18-Sep-2025 14:03:39 UTC] PHP Warning:  Undefined variable $base_url in /home/urhg326v/public_html/login.php on line 56
[18-Sep-2025 14:04:14 UTC] PHP Warning:  Undefined variable $base_url in /home/urhg326v/public_html/login.php on line 58
[18-Sep-2025 14:05:55 UTC] PHP Warning:  Undefined variable $base_url in /home/urhg326v/public_html/login.php on line 58
[18-Sep-2025 14:06:45 UTC] PHP Warning:  Undefined variable $base_url in /home/urhg326v/public_html/login.php on line 56
[18-Sep-2025 16:16:52 UTC] PHP Warning:  Undefined variable $base_url in /home/urhg326v/public_html/login.php on line 58
[18-Sep-2025 16:17:24 UTC] PHP Warning:  Undefined variable $base_url in /home/urhg326v/public_html/login.php on line 56
[18-Sep-2025 16:35:03 UTC] PHP Warning:  Undefined variable $base_url in /home/urhg326v/public_html/login.php on line 58
[18-Sep-2025 16:35:25 UTC] PHP Warning:  Undefined variable $base_url in /home/urhg326v/public_html/login.php on line 56
[18-Sep-2025 17:36:33 UTC] PHP Warning:  Undefined variable $base_url in /home/urhg326v/public_html/login.php on line 58
[18-Sep-2025 17:50:27 UTC] PHP Warning:  Undefined variable $base_url in /home/urhg326v/public_html/login.php on line 58
[18-Sep-2025 17:54:37 UTC] PHP Warning:  Undefined variable $base_url in /home/urhg326v/public_html/login.php on line 58
[18-Sep-2025 17:57:36 UTC] PHP Warning:  Undefined variable $base_url in /home/urhg326v/public_html/login.php on line 58
[18-Sep-2025 23:22:31 UTC] PHP Warning:  Undefined variable $base_url in /home/urhg326v/public_html/login.php on line 54
[19-Sep-2025 00:31:22 UTC] PHP Warning:  Undefined variable $base_url in /home/urhg326v/public_html/login.php on line 54
[19-Sep-2025 02:16:37 UTC] PHP Warning:  Undefined variable $base_url in /home/urhg326v/public_html/login.php on line 58
[19-Sep-2025 02:40:32 UTC] PHP Warning:  Undefined variable $base_url in /home/urhg326v/public_html/login.php on line 54
[19-Sep-2025 03:44:21 UTC] PHP Warning:  Undefined variable $base_url in /home/urhg326v/public_html/login.php on line 58
[19-Sep-2025 07:56:14 UTC] PHP Warning:  Undefined variable $base_url in /home/urhg326v/public_html/login.php on line 58
[19-Sep-2025 08:01:52 UTC] PHP Warning:  Undefined variable $base_url in /home/urhg326v/public_html/login.php on line 58
[19-Sep-2025 08:45:45 UTC] PHP Warning:  Undefined variable $base_url in /home/urhg326v/public_html/login.php on line 56
[19-Sep-2025 11:04:10 UTC] PHP Warning:  Undefined variable $base_url in /home/urhg326v/public_html/login.php on line 58
[19-Sep-2025 11:17:45 UTC] PHP Warning:  Undefined variable $base_url in /home/urhg326v/public_html/login.php on line 54
[19-Sep-2025 11:20:52 UTC] PHP Warning:  Undefined variable $base_url in /home/urhg326v/public_html/login.php on line 58
[19-Sep-2025 11:21:54 UTC] PHP Warning:  Undefined variable $base_url in /home/urhg326v/public_html/login.php on line 56
[22-Sep-2025 01:33:40 UTC] PHP Warning:  Undefined variable $base_url in /home/urhg326v/public_html/login.php on line 54
[22-Sep-2025 01:34:11 UTC] PHP Warning:  Undefined variable $base_url in /home/urhg326v/public_html/login.php on line 58
[22-Sep-2025 01:34:37 UTC] PHP Warning:  Undefined variable $base_url in /home/urhg326v/public_html/login.php on line 56
[22-Sep-2025 01:35:32 UTC] PHP Warning:  Undefined variable $base_url in /home/urhg326v/public_html/login.php on line 58
[22-Sep-2025 01:38:46 UTC] PHP Warning:  Undefined variable $base_url in /home/urhg326v/public_html/login.php on line 58
[22-Sep-2025 01:39:06 UTC] PHP Warning:  Undefined variable $base_url in /home/urhg326v/public_html/login.php on line 58
[22-Sep-2025 02:15:39 UTC] PHP Warning:  Undefined variable $base_url in /home/urhg326v/public_html/login.php on line 56
[22-Sep-2025 02:15:54 UTC] PHP Warning:  Undefined variable $base_url in /home/urhg326v/public_html/login.php on line 56
[22-Sep-2025 02:16:40 UTC] PHP Warning:  Undefined variable $base_url in /home/urhg326v/public_html/login.php on line 54
[22-Sep-2025 02:17:00 UTC] PHP Warning:  Undefined variable $base_url in /home/urhg326v/public_html/login.php on line 56
[22-Sep-2025 02:17:16 UTC] PHP Warning:  Undefined variable $base_url in /home/urhg326v/public_html/login.php on line 58
[22-Sep-2025 02:18:01 UTC] PHP Warning:  Undefined variable $base_url in /home/urhg326v/public_html/login.php on line 56
[22-Sep-2025 02:58:46 UTC] PHP Warning:  Undefined variable $base_url in /home/urhg326v/public_html/login.php on line 58
[22-Sep-2025 03:08:47 UTC] PHP Warning:  Undefined variable $base_url in /home/urhg326v/public_html/login.php on line 71
[22-Sep-2025 03:24:00 UTC] PHP Warning:  Undefined variable $base_url in /home/urhg326v/public_html/login.php on line 58
[22-Sep-2025 03:39:24 UTC] PHP Warning:  Undefined variable $base_url in /home/urhg326v/public_html/login.php on line 58
[22-Sep-2025 04:57:20 UTC] PHP Warning:  Undefined variable $base_url in /home/urhg326v/public_html/login.php on line 56
[22-Sep-2025 05:02:52 UTC] PHP Warning:  Undefined variable $base_url in /home/urhg326v/public_html/login.php on line 58
[22-Sep-2025 06:44:39 UTC] PHP Warning:  Undefined variable $base_url in /home/urhg326v/public_html/login.php on line 58
[22-Sep-2025 07:49:49 UTC] PHP Warning:  Undefined variable $base_url in /home/urhg326v/public_html/login.php on line 52
[22-Sep-2025 07:52:13 UTC] PHP Warning:  Undefined variable $base_url in /home/urhg326v/public_html/login.php on line 52
[22-Sep-2025 07:52:37 UTC] PHP Warning:  Undefined variable $base_url in /home/urhg326v/public_html/login.php on line 52
[22-Sep-2025 08:00:41 UTC] PHP Warning:  Undefined variable $base_url in /home/urhg326v/public_html/login.php on line 60
[22-Sep-2025 08:03:08 UTC] PHP Warning:  Undefined variable $base_url in /home/urhg326v/public_html/login.php on line 65
[22-Sep-2025 08:34:23 UTC] PHP Warning:  Undefined variable $base_url in /home/urhg326v/public_html/login.php on line 62
[22-Sep-2025 08:36:06 UTC] PHP Warning:  Undefined variable $base_url in /home/urhg326v/public_html/login.php on line 65
[22-Sep-2025 08:37:27 UTC] PHP Warning:  Undefined variable $base_url in /home/urhg326v/public_html/login.php on line 62
[23-Sep-2025 02:25:53 UTC] PHP Warning:  Undefined variable $base_url in /home/urhg326v/public_html/login.php on line 65
[23-Sep-2025 02:26:55 UTC] PHP Warning:  Undefined variable $base_url in /home/urhg326v/public_html/login.php on line 62
[23-Sep-2025 04:33:55 UTC] PHP Warning:  Undefined variable $base_url in /home/urhg326v/public_html/login.php on line 65
[24-Sep-2025 02:01:08 UTC] PHP Warning:  Undefined variable $base_url in /home/urhg326v/public_html/login.php on line 65
[24-Sep-2025 02:26:15 UTC] PHP Warning:  Undefined variable $base_url in /home/urhg326v/public_html/login.php on line 65
[24-Sep-2025 02:36:00 UTC] PHP Warning:  Undefined variable $base_url in /home/urhg326v/public_html/login.php on line 62
[24-Sep-2025 03:28:19 UTC] PHP Warning:  Undefined variable $base_url in /home/urhg326v/public_html/login.php on line 53
[24-Sep-2025 03:28:34 UTC] PHP Warning:  Undefined variable $base_url in /home/urhg326v/public_html/login.php on line 62
[24-Sep-2025 03:44:50 UTC] PHP Warning:  Undefined variable $base_url in /home/urhg326v/public_html/login.php on line 65
[24-Sep-2025 03:53:04 UTC] PHP Warning:  Undefined variable $base_url in /home/urhg326v/public_html/login.php on line 53
[24-Sep-2025 03:55:28 UTC] PHP Warning:  Undefined variable $base_url in /home/urhg326v/public_html/login.php on line 59
[24-Sep-2025 06:37:37 UTC] PHP Warning:  Undefined variable $base_url in /home/urhg326v/public_html/login.php on line 56
[24-Sep-2025 06:39:23 UTC] PHP Warning:  Undefined variable $base_url in /home/urhg326v/public_html/login.php on line 59
[24-Sep-2025 06:40:27 UTC] PHP Warning:  Undefined variable $base_url in /home/urhg326v/public_html/login.php on line 62
[24-Sep-2025 06:41:32 UTC] PHP Warning:  Undefined variable $base_url in /home/urhg326v/public_html/login.php on line 68
[24-Sep-2025 06:41:40 UTC] PHP Warning:  Undefined variable $base_url in /home/urhg326v/public_html/login.php on line 68
[24-Sep-2025 06:41:48 UTC] PHP Warning:  Undefined variable $base_url in /home/urhg326v/public_html/login.php on line 53
[24-Sep-2025 06:42:08 UTC] PHP Warning:  Undefined variable $base_url in /home/urhg326v/public_html/login.php on line 68
[24-Sep-2025 06:42:12 UTC] PHP Warning:  Undefined variable $base_url in /home/urhg326v/public_html/login.php on line 62
[24-Sep-2025 06:42:24 UTC] PHP Warning:  Undefined variable $base_url in /home/urhg326v/public_html/login.php on line 68
[24-Sep-2025 06:43:13 UTC] PHP Warning:  Undefined variable $base_url in /home/urhg326v/public_html/login.php on line 53
[24-Sep-2025 06:43:49 UTC] PHP Warning:  Undefined variable $base_url in /home/urhg326v/public_html/login.php on line 68
[24-Sep-2025 06:45:41 UTC] PHP Warning:  Undefined variable $base_url in /home/urhg326v/public_html/login.php on line 62
[24-Sep-2025 06:46:16 UTC] PHP Warning:  Undefined variable $base_url in /home/urhg326v/public_html/login.php on line 59
[24-Sep-2025 06:49:10 UTC] PHP Warning:  Undefined variable $base_url in /home/urhg326v/public_html/login.php on line 65
[24-Sep-2025 08:45:02 UTC] PHP Warning:  Undefined variable $base_url in /home/urhg326v/public_html/login.php on line 62
[24-Sep-2025 08:48:52 UTC] PHP Warning:  Undefined variable $base_url in /home/urhg326v/public_html/login.php on line 59
[24-Sep-2025 08:49:28 UTC] PHP Warning:  Undefined variable $base_url in /home/urhg326v/public_html/login.php on line 62
[24-Sep-2025 08:51:37 UTC] PHP Warning:  Undefined variable $base_url in /home/urhg326v/public_html/login.php on line 65
[25-Sep-2025 03:51:19 UTC] PHP Warning:  Undefined variable $base_url in /home/urhg326v/public_html/login.php on line 59
[26-Sep-2025 00:27:34 UTC] PHP Warning:  Undefined variable $base_url in /home/urhg326v/public_html/login.php on line 59
[26-Sep-2025 00:34:04 UTC] PHP Warning:  Undefined variable $base_url in /home/urhg326v/public_html/login.php on line 56
[26-Sep-2025 00:35:20 UTC] PHP Warning:  Undefined variable $base_url in /home/urhg326v/public_html/login.php on line 62
[26-Sep-2025 00:36:14 UTC] PHP Warning:  Undefined variable $base_url in /home/urhg326v/public_html/login.php on line 68
[26-Sep-2025 00:36:26 UTC] PHP Warning:  Undefined variable $base_url in /home/urhg326v/public_html/login.php on line 68
[26-Sep-2025 00:36:47 UTC] PHP Warning:  Undefined variable $base_url in /home/urhg326v/public_html/login.php on line 68
[26-Sep-2025 00:37:40 UTC] PHP Warning:  Undefined variable $base_url in /home/urhg326v/public_html/login.php on line 68
[26-Sep-2025 00:38:50 UTC] PHP Warning:  Undefined variable $base_url in /home/urhg326v/public_html/login.php on line 68
[26-Sep-2025 00:38:51 UTC] PHP Warning:  Undefined variable $base_url in /home/urhg326v/public_html/login.php on line 68
[26-Sep-2025 00:38:52 UTC] PHP Warning:  Undefined variable $base_url in /home/urhg326v/public_html/login.php on line 68
[26-Sep-2025 00:38:52 UTC] PHP Warning:  Undefined variable $base_url in /home/urhg326v/public_html/login.php on line 68
[26-Sep-2025 00:38:52 UTC] PHP Warning:  Undefined variable $base_url in /home/urhg326v/public_html/login.php on line 68
[26-Sep-2025 00:38:52 UTC] PHP Warning:  Undefined variable $base_url in /home/urhg326v/public_html/login.php on line 68
[26-Sep-2025 00:38:53 UTC] PHP Warning:  Undefined variable $base_url in /home/urhg326v/public_html/login.php on line 68
[26-Sep-2025 00:38:53 UTC] PHP Warning:  Undefined variable $base_url in /home/urhg326v/public_html/login.php on line 68
[26-Sep-2025 00:38:53 UTC] PHP Warning:  Undefined variable $base_url in /home/urhg326v/public_html/login.php on line 68
[26-Sep-2025 00:38:53 UTC] PHP Warning:  Undefined variable $base_url in /home/urhg326v/public_html/login.php on line 68
[26-Sep-2025 00:38:54 UTC] PHP Warning:  Undefined variable $base_url in /home/urhg326v/public_html/login.php on line 68
[26-Sep-2025 00:38:54 UTC] PHP Warning:  Undefined variable $base_url in /home/urhg326v/public_html/login.php on line 68
[26-Sep-2025 00:39:06 UTC] PHP Warning:  Undefined variable $base_url in /home/urhg326v/public_html/login.php on line 53
[26-Sep-2025 00:40:13 UTC] PHP Warning:  Undefined variable $base_url in /home/urhg326v/public_html/login.php on line 68
[26-Sep-2025 00:40:14 UTC] PHP Warning:  Undefined variable $base_url in /home/urhg326v/public_html/login.php on line 68
[26-Sep-2025 00:40:14 UTC] PHP Warning:  Undefined variable $base_url in /home/urhg326v/public_html/login.php on line 68
[26-Sep-2025 00:40:14 UTC] PHP Warning:  Undefined variable $base_url in /home/urhg326v/public_html/login.php on line 68
[26-Sep-2025 00:40:15 UTC] PHP Warning:  Undefined variable $base_url in /home/urhg326v/public_html/login.php on line 68
[26-Sep-2025 00:40:15 UTC] PHP Warning:  Undefined variable $base_url in /home/urhg326v/public_html/login.php on line 68
[26-Sep-2025 00:40:15 UTC] PHP Warning:  Undefined variable $base_url in /home/urhg326v/public_html/login.php on line 68
[26-Sep-2025 00:48:16 UTC] PHP Warning:  Undefined variable $base_url in /home/urhg326v/public_html/login.php on line 59
[26-Sep-2025 00:51:13 UTC] PHP Warning:  Undefined variable $base_url in /home/urhg326v/public_html/login.php on line 59
[26-Sep-2025 04:08:20 UTC] PHP Warning:  Undefined variable $base_url in /home/urhg326v/public_html/login.php on line 59
[26-Sep-2025 04:09:27 UTC] PHP Warning:  Undefined variable $base_url in /home/urhg326v/public_html/login.php on line 62
[26-Sep-2025 07:01:52 UTC] PHP Warning:  Undefined variable $base_url in /home/urhg326v/public_html/login.php on line 59
[26-Sep-2025 09:39:08 UTC] PHP Warning:  Undefined variable $base_url in /home/urhg326v/public_html/login.php on line 59
[26-Sep-2025 09:39:41 UTC] PHP Warning:  Undefined variable $base_url in /home/urhg326v/public_html/login.php on line 62
[29-Sep-2025 01:36:53 UTC] PHP Warning:  Undefined variable $base_url in /home/urhg326v/public_html/login.php on line 59
[29-Sep-2025 01:37:49 UTC] PHP Warning:  Undefined variable $base_url in /home/urhg326v/public_html/login.php on line 62
[29-Sep-2025 02:08:33 UTC] PHP Warning:  Undefined variable $base_url in /home/urhg326v/public_html/login.php on line 62
[29-Sep-2025 02:09:44 UTC] PHP Warning:  Undefined variable $base_url in /home/urhg326v/public_html/login.php on line 62
[29-Sep-2025 03:11:19 UTC] PHP Warning:  Undefined variable $base_url in /home/urhg326v/public_html/login.php on line 62
[29-Sep-2025 03:25:37 UTC] PHP Warning:  Undefined variable $base_url in /home/urhg326v/public_html/login.php on line 65
[30-Sep-2025 04:19:01 UTC] PHP Warning:  Undefined variable $base_url in /home/urhg326v/public_html/login.php on line 65
[30-Sep-2025 04:19:11 UTC] PHP Warning:  Undefined variable $base_url in /home/urhg326v/public_html/login.php on line 59
[30-Sep-2025 04:20:31 UTC] PHP Warning:  Undefined variable $base_url in /home/urhg326v/public_html/login.php on line 62
[30-Sep-2025 06:26:12 UTC] PHP Warning:  Undefined variable $base_url in /home/urhg326v/public_html/login.php on line 59
[30-Sep-2025 10:32:06 UTC] PHP Warning:  Undefined variable $base_url in /home/urhg326v/public_html/login.php on line 59
[30-Sep-2025 11:16:52 UTC] PHP Warning:  Undefined variable $base_url in /home/urhg326v/public_html/login.php on line 59
[30-Sep-2025 11:17:21 UTC] PHP Warning:  Undefined variable $base_url in /home/urhg326v/public_html/login.php on line 62
[30-Sep-2025 11:17:47 UTC] PHP Warning:  Undefined variable $base_url in /home/urhg326v/public_html/login.php on line 65
[30-Sep-2025 11:24:05 UTC] PHP Warning:  Undefined variable $base_url in /home/urhg326v/public_html/login.php on line 59
[30-Sep-2025 11:24:33 UTC] PHP Warning:  Undefined variable $base_url in /home/urhg326v/public_html/login.php on line 59
[30-Sep-2025 12:47:57 UTC] PHP Warning:  Undefined variable $base_url in /home/urhg326v/public_html/login.php on line 62
[30-Sep-2025 13:09:22 UTC] PHP Warning:  Undefined variable $base_url in /home/urhg326v/public_html/login.php on line 62
[30-Sep-2025 13:27:13 UTC] PHP Warning:  Undefined variable $base_url in /home/urhg326v/public_html/login.php on line 65
[30-Sep-2025 13:53:55 UTC] PHP Warning:  Undefined variable $base_url in /home/urhg326v/public_html/login.php on line 59
[30-Sep-2025 13:54:15 UTC] PHP Warning:  Undefined variable $base_url in /home/urhg326v/public_html/login.php on line 59
[30-Sep-2025 13:55:55 UTC] PHP Warning:  Undefined variable $base_url in /home/urhg326v/public_html/login.php on line 59
[30-Sep-2025 13:57:27 UTC] PHP Warning:  Undefined variable $base_url in /home/urhg326v/public_html/login.php on line 59
[30-Sep-2025 13:57:48 UTC] PHP Warning:  Undefined variable $base_url in /home/urhg326v/public_html/login.php on line 59
[30-Sep-2025 14:15:08 UTC] PHP Warning:  Undefined variable $base_url in /home/urhg326v/public_html/login.php on line 59
[30-Sep-2025 14:16:41 UTC] PHP Warning:  Undefined variable $base_url in /home/urhg326v/public_html/login.php on line 59
[30-Sep-2025 14:16:51 UTC] PHP Warning:  Undefined variable $base_url in /home/urhg326v/public_html/login.php on line 59
[30-Sep-2025 14:21:10 UTC] PHP Warning:  Undefined variable $base_url in /home/urhg326v/public_html/login.php on line 59
[30-Sep-2025 14:30:53 UTC] PHP Warning:  Undefined variable $base_url in /home/urhg326v/public_html/login.php on line 59
[30-Sep-2025 14:31:35 UTC] PHP Warning:  Undefined variable $base_url in /home/urhg326v/public_html/login.php on line 59
[30-Sep-2025 14:34:12 UTC] PHP Warning:  Undefined variable $base_url in /home/urhg326v/public_html/login.php on line 59
[30-Sep-2025 14:40:00 UTC] PHP Warning:  Undefined variable $base_url in /home/urhg326v/public_html/login.php on line 62
[30-Sep-2025 14:41:45 UTC] PHP Warning:  Undefined variable $base_url in /home/urhg326v/public_html/login.php on line 59
[30-Sep-2025 14:42:29 UTC] PHP Warning:  Undefined variable $base_url in /home/urhg326v/public_html/login.php on line 59
[30-Sep-2025 14:44:31 UTC] PHP Warning:  Undefined variable $base_url in /home/urhg326v/public_html/login.php on line 59
[30-Sep-2025 14:44:40 UTC] PHP Warning:  Undefined variable $base_url in /home/urhg326v/public_html/login.php on line 59
[30-Sep-2025 14:53:24 UTC] PHP Warning:  Undefined variable $base_url in /home/urhg326v/public_html/login.php on line 62
[30-Sep-2025 15:15:04 UTC] PHP Warning:  Undefined variable $base_url in /home/urhg326v/public_html/login.php on line 59
[30-Sep-2025 15:23:18 UTC] PHP Warning:  Undefined variable $base_url in /home/urhg326v/public_html/login.php on line 59
[30-Sep-2025 15:26:42 UTC] PHP Warning:  Undefined variable $base_url in /home/urhg326v/public_html/login.php on line 62
[30-Sep-2025 15:34:36 UTC] PHP Warning:  Undefined variable $base_url in /home/urhg326v/public_html/login.php on line 62
[30-Sep-2025 15:41:08 UTC] PHP Warning:  Undefined variable $base_url in /home/urhg326v/public_html/login.php on line 59
[30-Sep-2025 16:40:59 UTC] PHP Warning:  Undefined variable $base_url in /home/urhg326v/public_html/login.php on line 62
[30-Sep-2025 17:28:22 UTC] PHP Warning:  Undefined variable $base_url in /home/urhg326v/public_html/login.php on line 65
[30-Sep-2025 17:30:03 UTC] PHP Warning:  Undefined variable $base_url in /home/urhg326v/public_html/login.php on line 59
[30-Sep-2025 17:37:47 UTC] PHP Warning:  Undefined variable $base_url in /home/urhg326v/public_html/login.php on line 59
[30-Sep-2025 18:24:39 UTC] PHP Warning:  Undefined variable $base_url in /home/urhg326v/public_html/login.php on line 59
[30-Sep-2025 18:26:57 UTC] PHP Warning:  Undefined variable $base_url in /home/urhg326v/public_html/login.php on line 59
[30-Sep-2025 23:47:14 UTC] PHP Warning:  Undefined variable $base_url in /home/urhg326v/public_html/login.php on line 59
[01-Oct-2025 00:50:04 UTC] PHP Warning:  Undefined variable $base_url in /home/urhg326v/public_html/login.php on line 59
[01-Oct-2025 02:44:38 UTC] PHP Warning:  Undefined variable $base_url in /home/urhg326v/public_html/login.php on line 62
[01-Oct-2025 03:45:40 UTC] PHP Warning:  Undefined variable $base_url in /home/urhg326v/public_html/login.php on line 59
[01-Oct-2025 03:52:52 UTC] PHP Warning:  Undefined variable $base_url in /home/urhg326v/public_html/login.php on line 62
[01-Oct-2025 03:58:22 UTC] PHP Warning:  Undefined variable $base_url in /home/urhg326v/public_html/login.php on line 59
[01-Oct-2025 05:06:29 UTC] PHP Warning:  Undefined variable $base_url in /home/urhg326v/public_html/login.php on line 59
[01-Oct-2025 06:00:57 UTC] PHP Warning:  Undefined variable $base_url in /home/urhg326v/public_html/login.php on line 59
[03-Oct-2025 02:01:11 UTC] PHP Warning:  Undefined variable $base_url in /home/urhg326v/public_html/login.php on line 59
[03-Oct-2025 03:26:57 UTC] PHP Warning:  Undefined variable $base_url in /home/urhg326v/public_html/login.php on line 62
[03-Oct-2025 05:51:32 UTC] PHP Warning:  Undefined variable $base_url in /home/urhg326v/public_html/login.php on line 62
[03-Oct-2025 05:57:10 UTC] PHP Warning:  Undefined variable $base_url in /home/urhg326v/public_html/login.php on line 59
[03-Oct-2025 06:16:31 UTC] PHP Warning:  Undefined variable $base_url in /home/urhg326v/public_html/login.php on line 65
[03-Oct-2025 06:20:28 UTC] PHP Warning:  Undefined variable $base_url in /home/urhg326v/public_html/login.php on line 62
[03-Oct-2025 06:25:59 UTC] PHP Warning:  Undefined variable $base_url in /home/urhg326v/public_html/login.php on line 53
[03-Oct-2025 06:30:46 UTC] PHP Warning:  Undefined variable $base_url in /home/urhg326v/public_html/login.php on line 62
[03-Oct-2025 06:40:09 UTC] PHP Warning:  Undefined variable $base_url in /home/urhg326v/public_html/login.php on line 62
[03-Oct-2025 06:41:37 UTC] PHP Warning:  Undefined variable $base_url in /home/urhg326v/public_html/login.php on line 53
[03-Oct-2025 06:42:39 UTC] PHP Warning:  Undefined variable $base_url in /home/urhg326v/public_html/login.php on line 62
[03-Oct-2025 06:52:32 UTC] PHP Warning:  Undefined variable $base_url in /home/urhg326v/public_html/login.php on line 59
[03-Oct-2025 06:52:50 UTC] PHP Warning:  Undefined variable $base_url in /home/urhg326v/public_html/login.php on line 59
[03-Oct-2025 07:07:01 UTC] PHP Warning:  Undefined variable $base_url in /home/urhg326v/public_html/login.php on line 59
[03-Oct-2025 07:10:50 UTC] PHP Warning:  Undefined variable $base_url in /home/urhg326v/public_html/login.php on line 62
[03-Oct-2025 07:11:11 UTC] PHP Warning:  Undefined variable $base_url in /home/urhg326v/public_html/login.php on line 53
[03-Oct-2025 07:24:49 UTC] PHP Warning:  Undefined variable $base_url in /home/urhg326v/public_html/login.php on line 62
[03-Oct-2025 09:11:21 UTC] PHP Warning:  Undefined variable $base_url in /home/urhg326v/public_html/login.php on line 59
[03-Oct-2025 13:44:39 UTC] PHP Warning:  Undefined variable $base_url in /home/urhg326v/public_html/login.php on line 59
